<?xml version="1.0" encoding="UTF-8"?>
<!-- Generated by org.testng.reporters.JUnitXMLReporter -->
<testsuite ignored="0" hostname="LAPTOP-FATP5U09" failures="0" tests="2" name="TestRunner1" time="33.863" errors="0" timestamp="2024-12-31T09:02:01 IST">
  <testcase classname="org.qspiders.organization.CreateCampaignTest" name="createCampaignTest" time="18.162"/>
  <testcase classname="org.qspiders.organization.CreateCampaignTest" name="execute" time="0.002"/>
</testsuite> <!-- TestRunner1 -->
