<?xml version="1.0" encoding="UTF-8"?>
<!-- Generated by org.testng.reporters.JUnitXMLReporter -->
<testsuite ignored="9" hostname="LAPTOP-FATP5U09" failures="0" tests="3" name="Test" time="53.037" errors="0" timestamp="2024-12-31T09:07:16 IST">
  <testcase classname="org.qspiders.organization.CreateOrganizationTest" name="createOrganizationTest" time="15.514"/>
  <testcase classname="org.qspiders.organization.CreateCampaignTest" name="createCampaignTest" time="16.587"/>
  <testcase classname="org.qspiders.organization.CreateCampaignTest" name="execute" time="0.002"/>
  <testcase classname="Generic_Utility.BaseClass" name="@BeforeTest Bt" time="0.0">
    <ignored/>
  </testcase> <!-- @BeforeTest Bt -->
  <testcase classname="Generic_Utility.BaseClass" name="@AfterSuite As" time="0.0">
    <ignored/>
  </testcase> <!-- @AfterSuite As -->
  <testcase classname="org.qspiders.contact.CreateContactTest" name="createContactTest" time="0.0">
    <ignored/>
  </testcase> <!-- createContactTest -->
  <testcase classname="Generic_Utility.BaseClass" name="@AfterTest At" time="0.0">
    <ignored/>
  </testcase> <!-- @AfterTest At -->
  <testcase classname="Generic_Utility.BaseClass" name="@BeforeSuite Bs" time="0.0">
    <ignored/>
  </testcase> <!-- @BeforeSuite Bs -->
  <testcase classname="Generic_Utility.BaseClass" name="@BeforeTest Bt" time="0.0">
    <ignored/>
  </testcase> <!-- @BeforeTest Bt -->
  <testcase classname="Generic_Utility.BaseClass" name="@AfterSuite As" time="0.0">
    <ignored/>
  </testcase> <!-- @AfterSuite As -->
  <testcase classname="Generic_Utility.BaseClass" name="@AfterTest At" time="0.0">
    <ignored/>
  </testcase> <!-- @AfterTest At -->
  <testcase classname="Generic_Utility.BaseClass" name="@BeforeSuite Bs" time="0.0">
    <ignored/>
  </testcase> <!-- @BeforeSuite Bs -->
</testsuite> <!-- Test -->
