<?xml version="1.0" encoding="UTF-8"?>
<testng-results ignored="0" total="3" passed="3" failed="0" skipped="0">
  <reporter-output>
  </reporter-output>
  <suite started-at="2024-12-31T09:06:23 IST" name="Suite" finished-at="2024-12-31T09:07:16 IST" duration-ms="53037">
    <groups>
      <group name="sanityTest">
        <method signature="CreateCampaignTest.createCampaignTest()[pri:0, instance:org.qspiders.organization.CreateCampaignTest@477b4cdf]" name="createCampaignTest" class="org.qspiders.organization.CreateCampaignTest"/>
        <method signature="CreateOrganizationTest.createOrganizationTest()[pri:0, instance:org.qspiders.organization.CreateOrganizationTest@6743e411]" name="createOrganizationTest" class="org.qspiders.organization.CreateOrganizationTest"/>
      </group> <!-- sanityTest -->
    </groups>
    <test started-at="2024-12-31T09:06:23 IST" name="Test" finished-at="2024-12-31T09:07:16 IST" duration-ms="53037">
      <class name="org.qspiders.organization.CreateOrganizationTest">
        <test-method is-config="true" signature="Bc()[pri:0, instance:org.qspiders.organization.CreateOrganizationTest@6743e411]" started-at="2024-12-31T09:06:23 IST" name="Bc" finished-at="2024-12-31T09:06:25 IST" duration-ms="2116" status="PASS">
          <reporter-output>
          </reporter-output>
        </test-method> <!-- Bc -->
        <test-method is-config="true" signature="Bm()[pri:0, instance:org.qspiders.organization.CreateOrganizationTest@6743e411]" started-at="2024-12-31T09:06:25 IST" name="Bm" finished-at="2024-12-31T09:06:28 IST" duration-ms="3145" status="PASS">
          <reporter-output>
          </reporter-output>
        </test-method> <!-- Bm -->
        <test-method signature="createOrganizationTest()[pri:0, instance:org.qspiders.organization.CreateOrganizationTest@6743e411]" started-at="2024-12-31T09:06:28 IST" name="createOrganizationTest" finished-at="2024-12-31T09:06:44 IST" duration-ms="15514" status="PASS">
          <reporter-output>
          </reporter-output>
        </test-method> <!-- createOrganizationTest -->
        <test-method is-config="true" signature="Am()[pri:0, instance:org.qspiders.organization.CreateOrganizationTest@6743e411]" started-at="2024-12-31T09:06:44 IST" name="Am" finished-at="2024-12-31T09:06:45 IST" duration-ms="1290" status="PASS">
          <reporter-output>
          </reporter-output>
        </test-method> <!-- Am -->
        <test-method is-config="true" signature="Ac()[pri:0, instance:org.qspiders.organization.CreateOrganizationTest@6743e411]" started-at="2024-12-31T09:06:45 IST" name="Ac" finished-at="2024-12-31T09:06:46 IST" duration-ms="675" status="PASS">
          <reporter-output>
          </reporter-output>
        </test-method> <!-- Ac -->
      </class> <!-- org.qspiders.organization.CreateOrganizationTest -->
      <class name="org.qspiders.contact.CreateContactTest">
        <test-method is-config="true" signature="Bs()[pri:0, instance:org.qspiders.contact.CreateContactTest@682b2fa]" started-at="2024-12-31T09:06:23 IST" name="Bs" finished-at="2024-12-31T09:06:23 IST" duration-ms="12" status="PASS">
          <reporter-output>
          </reporter-output>
        </test-method> <!-- Bs -->
        <test-method is-config="true" signature="Bt()[pri:0, instance:org.qspiders.contact.CreateContactTest@682b2fa]" started-at="2024-12-31T09:06:23 IST" name="Bt" finished-at="2024-12-31T09:06:23 IST" duration-ms="1" status="PASS">
          <reporter-output>
          </reporter-output>
        </test-method> <!-- Bt -->
        <test-method is-config="true" signature="At()[pri:0, instance:org.qspiders.contact.CreateContactTest@682b2fa]" started-at="2024-12-31T09:07:16 IST" name="At" finished-at="2024-12-31T09:07:16 IST" duration-ms="0" status="PASS">
          <reporter-output>
          </reporter-output>
        </test-method> <!-- At -->
        <test-method is-config="true" signature="As()[pri:0, instance:org.qspiders.contact.CreateContactTest@682b2fa]" started-at="2024-12-31T09:07:17 IST" name="As" finished-at="2024-12-31T09:07:17 IST" duration-ms="1" status="PASS">
          <reporter-output>
          </reporter-output>
        </test-method> <!-- As -->
      </class> <!-- org.qspiders.contact.CreateContactTest -->
      <class name="org.qspiders.organization.CreateCampaignTest">
        <test-method is-config="true" signature="Bc()[pri:0, instance:org.qspiders.organization.CreateCampaignTest@477b4cdf]" started-at="2024-12-31T09:06:46 IST" name="Bc" finished-at="2024-12-31T09:06:47 IST" duration-ms="1545" status="PASS">
          <reporter-output>
          </reporter-output>
        </test-method> <!-- Bc -->
        <test-method is-config="true" signature="Bm()[pri:0, instance:org.qspiders.organization.CreateCampaignTest@477b4cdf]" started-at="2024-12-31T09:06:47 IST" name="Bm" finished-at="2024-12-31T09:06:50 IST" duration-ms="3058" status="PASS">
          <reporter-output>
          </reporter-output>
        </test-method> <!-- Bm -->
        <test-method signature="createCampaignTest()[pri:0, instance:org.qspiders.organization.CreateCampaignTest@477b4cdf]" started-at="2024-12-31T09:06:50 IST" name="createCampaignTest" finished-at="2024-12-31T09:07:07 IST" duration-ms="16587" status="PASS">
          <reporter-output>
          </reporter-output>
        </test-method> <!-- createCampaignTest -->
        <test-method is-config="true" signature="Am()[pri:0, instance:org.qspiders.organization.CreateCampaignTest@477b4cdf]" started-at="2024-12-31T09:07:07 IST" name="Am" finished-at="2024-12-31T09:07:08 IST" duration-ms="1239" status="PASS">
          <reporter-output>
          </reporter-output>
        </test-method> <!-- Am -->
        <test-method is-config="true" signature="Bm()[pri:0, instance:org.qspiders.organization.CreateCampaignTest@477b4cdf]" started-at="2024-12-31T09:07:08 IST" name="Bm" finished-at="2024-12-31T09:07:11 IST" duration-ms="2751" status="PASS">
          <reporter-output>
          </reporter-output>
        </test-method> <!-- Bm -->
        <test-method signature="execute()[pri:0, instance:org.qspiders.organization.CreateCampaignTest@477b4cdf]" started-at="2024-12-31T09:07:11 IST" name="execute" finished-at="2024-12-31T09:07:11 IST" duration-ms="2" status="PASS">
          <reporter-output>
          </reporter-output>
        </test-method> <!-- execute -->
        <test-method is-config="true" signature="Am()[pri:0, instance:org.qspiders.organization.CreateCampaignTest@477b4cdf]" started-at="2024-12-31T09:07:11 IST" name="Am" finished-at="2024-12-31T09:07:15 IST" duration-ms="4078" status="PASS">
          <reporter-output>
          </reporter-output>
        </test-method> <!-- Am -->
        <test-method is-config="true" signature="Ac()[pri:0, instance:org.qspiders.organization.CreateCampaignTest@477b4cdf]" started-at="2024-12-31T09:07:15 IST" name="Ac" finished-at="2024-12-31T09:07:16 IST" duration-ms="713" status="PASS">
          <reporter-output>
          </reporter-output>
        </test-method> <!-- Ac -->
      </class> <!-- org.qspiders.organization.CreateCampaignTest -->
    </test> <!-- Test -->
  </suite> <!-- Suite -->
</testng-results>
