<?xml version="1.0" encoding="UTF-8"?>
<!-- Generated by org.testng.reporters.JUnitXMLReporter -->
<testsuite ignored="0" hostname="LAPTOP-FATP5U09" failures="0" tests="2" name="Default test" time="0.819" errors="0" timestamp="2024-12-31T07:57:48 IST">
  <testcase classname="Generic_Utility.BaseClass" name="@BeforeClass Bc" time="0.002">
    <failure type="java.lang.NullPointerException">
      <![CDATA[java.lang.NullPointerException
at Generic_Utility.BaseClass.Bc(BaseClass.java:37)
at java.base/jdk.internal.reflect.NativeMethodAccessorImpl.invoke0(Native Method)
at java.base/jdk.internal.reflect.NativeMethodAccessorImpl.invoke(NativeMethodAccessorImpl.java:62)
at java.base/jdk.internal.reflect.DelegatingMethodAccessorImpl.invoke(DelegatingMethodAccessorImpl.java:43)
at java.base/java.lang.reflect.Method.invoke(Method.java:567)
at org.testng.internal.invokers.MethodInvocationHelper.invokeMethod(MethodInvocationHelper.java:141)
at org.testng.internal.invokers.MethodInvocationHelper.invokeMethodConsideringTimeout(MethodInvocationHelper.java:71)
at org.testng.internal.invokers.ConfigInvoker.invokeConfigurationMethod(ConfigInvoker.java:400)
at org.testng.internal.invokers.ConfigInvoker.invokeConfigurations(ConfigInvoker.java:333)
at org.testng.internal.invokers.TestMethodWorker.invokeBeforeClassMethods(TestMethodWorker.java:188)
at org.testng.internal.invokers.TestMethodWorker.run(TestMethodWorker.java:128)
at java.base/java.util.ArrayList.forEach(ArrayList.java:1507)
at org.testng.TestRunner.privateRun(TestRunner.java:739)
at org.testng.TestRunner.run(TestRunner.java:614)
at org.testng.SuiteRunner.runTest(SuiteRunner.java:421)
at org.testng.SuiteRunner.runSequentially(SuiteRunner.java:413)
at org.testng.SuiteRunner.privateRun(SuiteRunner.java:373)
at org.testng.SuiteRunner.run(SuiteRunner.java:312)
at org.testng.SuiteRunnerWorker.runSuite(SuiteRunnerWorker.java:52)
at org.testng.SuiteRunnerWorker.run(SuiteRunnerWorker.java:95)
at org.testng.TestNG.runSuitesSequentially(TestNG.java:1274)
at org.testng.TestNG.runSuitesLocally(TestNG.java:1208)
at org.testng.TestNG.runSuites(TestNG.java:1112)
at org.testng.TestNG.run(TestNG.java:1079)
at org.testng.remote.AbstractRemoteTestNG.run(AbstractRemoteTestNG.java:115)
at org.testng.remote.RemoteTestNG.initAndRun(RemoteTestNG.java:293)
at org.testng.remote.RemoteTestNG.main(RemoteTestNG.java:91)
]]>
    </failure>
  </testcase> <!-- @BeforeClass Bc -->
  <testcase classname="Generic_Utility.BaseClass" name="@BeforeMethod Bm" time="0.0">
    <skipped/>
  </testcase> <!-- @BeforeMethod Bm -->
  <testcase classname="Generic_Utility.BaseClass" name="@AfterMethod Am" time="0.0">
    <skipped/>
  </testcase> <!-- @AfterMethod Am -->
  <testcase classname="Generic_Utility.BaseClass" name="@BeforeMethod Bm" time="0.0">
    <skipped/>
  </testcase> <!-- @BeforeMethod Bm -->
  <testcase classname="Generic_Utility.BaseClass" name="@AfterMethod Am" time="0.0">
    <skipped/>
  </testcase> <!-- @AfterMethod Am -->
  <testcase classname="Generic_Utility.BaseClass" name="@AfterClass Ac" time="0.0">
    <skipped/>
  </testcase> <!-- @AfterClass Ac -->
  <testcase classname="org.qspiders.organization.CreateCampaignTest" name="createCampaignTest" time="0.0">
    <skipped/>
  </testcase> <!-- createCampaignTest -->
  <testcase classname="org.qspiders.organization.CreateCampaignTest" name="execute" time="0.0">
    <skipped/>
  </testcase> <!-- execute -->
</testsuite> <!-- Default test -->
